#
# There is insufficient memory for the Java Runtime Environment to continue.
# Native memory allocation (malloc) failed to allocate 1159696 bytes for Chunk::new
# Possible reasons:
#   The system is out of physical RAM or swap space
#   The process is running with CompressedOops enabled, and the Java Heap may be blocking the growth of the native heap
# Possible solutions:
#   Reduce memory load on the system
#   Increase physical memory or swap space
#   Check if swap backing store is full
#   Decrease Java heap size (-Xmx/-Xms)
#   Decrease number of Java threads
#   Decrease Java thread stack sizes (-Xss)
#   Set larger code cache with -XX:ReservedCodeCacheSize=
#   JVM is running with Unscaled Compressed Oops mode in which the Java heap is
#     placed in the first 4GB address space. The Java Heap base address is the
#     maximum limit for the native heap growth. Please use -XX:HeapBaseMinAddress
#     to set the Java Heap base and to place the Java Heap above 4GB virtual address.
# This output file may be truncated or incomplete.
#
#  Out of Memory Error (allocation.cpp:389), pid=4804, tid=0x0000000000004eb8
#
# JRE version: OpenJDK Runtime Environment (8.0_202-b03) (build 1.8.0_202-release-1483-b03)
# Java VM: OpenJDK 64-Bit Server VM (25.202-b03 mixed mode windows-amd64 compressed oops)
# Failed to write core dump. Minidumps are not enabled by default on client versions of Windows
#

---------------  T H R E A D  ---------------

Current thread (0x0000000016207000):  JavaThread "C2 CompilerThread0" daemon [_thread_in_native, id=20152, stack(0x0000000017870000,0x0000000017970000)]

Stack: [0x0000000017870000,0x0000000017970000]
[error occurred during error reporting (printing stack bounds), id 0xc0000005]

Native frames: (J=compiled Java code, j=interpreted, Vv=VM code, C=native code)


Current CompileTask:
C2:4843901 14808       4       com.android.utils.PositionXmlParser::getPositionHelper (757 bytes)


---------------  P R O C E S S  ---------------

Java Threads: ( => current thread )
  0x000000001f989000 JavaThread "MarlinRenderer Disposer" daemon [_thread_blocked, id=7344, stack(0x0000000025870000,0x0000000025970000)]
  0x000000001f984800 JavaThread "Java2D Disposer" daemon [_thread_blocked, id=7672, stack(0x0000000025710000,0x0000000025810000)]
  0x000000001f989800 JavaThread "WorkerExecutor Queue Thread 4" [_thread_blocked, id=4040, stack(0x0000000025410000,0x0000000025510000)]
  0x000000001f985000 JavaThread "WorkerExecutor Queue Thread 3" [_thread_in_Java, id=12204, stack(0x0000000025310000,0x0000000025410000)]
  0x0000000018c48000 JavaThread "WorkerExecutor Queue Thread 2" [_thread_blocked, id=3116, stack(0x0000000025210000,0x0000000025310000)]
  0x0000000018c45000 JavaThread "WorkerExecutor Queue" [_thread_blocked, id=7144, stack(0x0000000024d30000,0x0000000024e30000)]
  0x0000000018c47000 JavaThread "Cache worker for execution history cache (C:\Users\morte\MORTEN IKT\AUIKTE19\Smartphone Applikationer\SwipeTest\.gradle\5.4.1\executionHistory)" [_thread_blocked, id=9560, stack(0x0000000024c30000,0x0000000024d30000)]
  0x000000001e361000 JavaThread "Execution worker for ':' Thread 3" [_thread_blocked, id=10780, stack(0x0000000025110000,0x0000000025210000)]
  0x000000001e360800 JavaThread "Execution worker for ':' Thread 2" [_thread_blocked, id=16048, stack(0x0000000025010000,0x0000000025110000)]
  0x000000001e35f800 JavaThread "Execution worker for ':'" [_thread_in_Java, id=19844, stack(0x0000000024f10000,0x0000000025010000)]
  0x000000001e356800 JavaThread "Cache worker for file content cache (C:\Users\morte\MORTEN IKT\AUIKTE19\Smartphone Applikationer\SwipeTest\.gradle\5.4.1\fileContent)" [_thread_blocked, id=10372, stack(0x0000000024b30000,0x0000000024c30000)]
  0x000000001e35d800 JavaThread "Cache worker for Build Output Cleanup Cache (C:\Users\morte\MORTEN IKT\AUIKTE19\Smartphone Applikationer\SwipeTest\.gradle\buildOutputCleanup)" [_thread_blocked, id=19276, stack(0x0000000023970000,0x0000000023a70000)]
  0x000000001e356000 JavaThread "pool-11-thread-1" [_thread_blocked, id=18064, stack(0x0000000023870000,0x0000000023970000)]
  0x000000001e35c800 JavaThread "Build operations Thread 4" [_thread_blocked, id=4128, stack(0x0000000023370000,0x0000000023470000)]
  0x000000001e359800 JavaThread "Build operations Thread 3" [_thread_blocked, id=10108, stack(0x0000000023270000,0x0000000023370000)]
  0x000000001e358000 JavaThread "Build operations Thread 2" [_thread_blocked, id=7468, stack(0x0000000021da0000,0x0000000021ea0000)]
  0x000000001c9c2800 JavaThread "Build operations" [_thread_blocked, id=16184, stack(0x00000000208b0000,0x00000000209b0000)]
  0x000000001c9c1800 JavaThread "Cache worker for cache directory md-rule (C:\Users\morte\.gradle\caches\5.4.1\md-rule)" [_thread_blocked, id=2948, stack(0x00000000205b0000,0x00000000206b0000)]
  0x000000001c9ba000 JavaThread "Cache worker for cache directory md-supplier (C:\Users\morte\.gradle\caches\5.4.1\md-supplier)" [_thread_blocked, id=5548, stack(0x00000000204b0000,0x00000000205b0000)]
  0x000000001c9c1000 JavaThread "Cache worker for file hash cache (C:\Users\morte\MORTEN IKT\AUIKTE19\Smartphone Applikationer\SwipeTest\.gradle\5.4.1\fileHashes)" [_thread_blocked, id=15328, stack(0x000000001feb0000,0x000000001ffb0000)]
  0x000000001c9c0000 JavaThread "Thread-126" [_thread_blocked, id=3584, stack(0x000000001fdb0000,0x000000001feb0000)]
  0x000000001c9bf800 JavaThread "Stdin handler" [_thread_blocked, id=20164, stack(0x000000001d270000,0x000000001d370000)]
  0x000000001c9bb800 JavaThread "Asynchronous log dispatcher for DefaultDaemonConnection: socket connection from /127.0.0.1:61381 to /127.0.0.1:62537" [_thread_blocked, id=20848, stack(0x000000001aad0000,0x000000001abd0000)]
  0x000000001c9be800 JavaThread "Daemon worker Thread 7" [_thread_blocked, id=11084, stack(0x000000001a7d0000,0x000000001a8d0000)]
  0x000000001c9b4000 JavaThread "Cancel handler" [_thread_blocked, id=19776, stack(0x000000001a6d0000,0x000000001a7d0000)]
  0x000000001c9bb000 JavaThread "Handler for socket connection from /127.0.0.1:61381 to /127.0.0.1:62537" [_thread_in_native, id=19912, stack(0x000000001a3d0000,0x000000001a4d0000)]
  0x000000001c9b7000 JavaThread "Daemon Thread 7" [_thread_blocked, id=21160, stack(0x000000001a2d0000,0x000000001a3d0000)]
  0x000000001e35c000 JavaThread "Cache worker for file content cache (C:\Users\morte\.gradle\caches\5.4.1\fileContent)" [_thread_blocked, id=10680, stack(0x0000000024430000,0x0000000024530000)]
  0x000000001e35b000 JavaThread "Memory manager" [_thread_blocked, id=20584, stack(0x00000000220a0000,0x00000000221a0000)]
  0x000000001e357800 JavaThread "Cache worker for execution history cache (C:\Users\morte\.gradle\caches\5.4.1\executionHistory)" [_thread_blocked, id=18320, stack(0x000000001ffb0000,0x00000000200b0000)]
  0x0000000018c43800 JavaThread "Cache worker for journal cache (C:\Users\morte\.gradle\caches\journal-1)" [_thread_blocked, id=20276, stack(0x000000001add0000,0x000000001aed0000)]
  0x0000000018c49800 JavaThread "File lock request listener" [_thread_in_native, id=17828, stack(0x000000001acd0000,0x000000001add0000)]
  0x00000000183dd800 JavaThread "Cache worker for file hash cache (C:\Users\morte\.gradle\caches\5.4.1\fileHashes)" [_thread_blocked, id=19948, stack(0x000000001abd0000,0x000000001acd0000)]
  0x00000000182df800 JavaThread "Daemon periodic checks" [_thread_blocked, id=12352, stack(0x000000001a1d0000,0x000000001a2d0000)]
  0x00000000182dd800 JavaThread "Incoming local TCP Connector on port 61381" [_thread_in_native, id=17576, stack(0x0000000019f80000,0x000000001a080000)]
  0x000000001940d800 JavaThread "Daemon health stats" [_thread_blocked, id=11896, stack(0x0000000019940000,0x0000000019a40000)]
  0x0000000017a7e800 JavaThread "Service Thread" daemon [_thread_blocked, id=7948, stack(0x0000000017f70000,0x0000000018070000)]
  0x000000001625d000 JavaThread "C1 CompilerThread2" daemon [_thread_blocked, id=9928, stack(0x0000000017e70000,0x0000000017f70000)]
  0x000000001625a000 JavaThread "C2 CompilerThread1" daemon [_thread_in_native, id=19968, stack(0x0000000017970000,0x0000000017a70000)]
=>0x0000000016207000 JavaThread "C2 CompilerThread0" daemon [_thread_in_native, id=20152, stack(0x0000000017870000,0x0000000017970000)]
  0x0000000016205800 JavaThread "Attach Listener" daemon [_thread_blocked, id=14240, stack(0x0000000017770000,0x0000000017870000)]
  0x0000000016204800 JavaThread "Signal Dispatcher" daemon [_thread_blocked, id=11824, stack(0x0000000017670000,0x0000000017770000)]
  0x0000000002885800 JavaThread "Finalizer" daemon [_thread_blocked, id=17688, stack(0x0000000017460000,0x0000000017560000)]
  0x00000000161e9000 JavaThread "Reference Handler" daemon [_thread_blocked, id=10180, stack(0x0000000017360000,0x0000000017460000)]
  0x0000000000d9e000 JavaThread "main" [_thread_blocked, id=17516, stack(0x0000000002690000,0x0000000002790000)]

Other Threads:
  0x00000000161c6000 VMThread [stack: 0x0000000017260000,0x0000000017360000] [id=21076]
  0x0000000017a7f800 WatcherThread [stack: 0x0000000018070000,0x0000000018170000] [id=15932]

VM state:not at safepoint (normal execution)

VM Mutex/Monitor currently owned by a thread: None

heap address: 0x00000000a0000000, size: 1536 MB, Compressed Oops mode: 32-bit
Narrow klass base: 0x0000000000000000, Narrow klass shift: 3
Compressed class space size: 1073741824 Address: 0x0000000100000000

Heap:
 PSYoungGen      total 193536K, used 125806K [0x00000000e0000000, 0x00000000ef000000, 0x0000000100000000)
  eden space 180736K, 62% used [0x00000000e0000000,0x00000000e6e5f5f0,0x00000000eb080000)
  from space 12800K, 99% used [0x00000000ee380000,0x00000000eeffc510,0x00000000ef000000)
  to   space 21504K, 0% used [0x00000000ec600000,0x00000000ec600000,0x00000000edb00000)
 ParOldGen       total 121344K, used 52158K [0x00000000a0000000, 0x00000000a7680000, 0x00000000e0000000)
  object space 121344K, 42% used [0x00000000a0000000,0x00000000a32ef840,0x00000000a7680000)
 Metaspace       used 84872K, capacity 89724K, committed 89816K, reserved 1128448K
  class space    used 10830K, capacity 11730K, committed 11776K, reserved 1048576K

Card table byte_map: [0x0000000011c50000,0x0000000011f60000] byte_map_base: 0x0000000011750000

Marking Bits: (ParMarkBitMap*) 0x0000000058529f30
 Begin Bits: [0x0000000012560000, 0x0000000013d60000)
 End Bits:   [0x0000000013d60000, 0x0000000015560000)

Polling page: 0x00000000007f0000

CodeCache: size=245760Kb used=44056Kb max_used=44056Kb free=201703Kb
 bounds [0x0000000002890000, 0x00000000053e0000, 0x0000000011890000]
 total_blobs=13511 nmethods=12532 adapters=891
 compilation: enabled

Compilation events (10 events):
Event: 4843.256 Thread 0x000000001625a000 nmethod 14966 0x0000000005370390 code [0x00000000053704e0, 0x0000000005370898]
Event: 4843.256 Thread 0x000000001625a000 14973       4       com.android.utils.XmlUtils::append (639 bytes)
Event: 4843.633 Thread 0x000000001625d000 14974       3       sun.nio.cs.UTF_8$Encoder::encodeArrayLoop (489 bytes)
Event: 4843.636 Thread 0x000000001625d000 nmethod 14974 0x000000000539d150 code [0x000000000539d6a0, 0x00000000053a0c88]
Event: 4843.681 Thread 0x000000001625d000 14976       3       java.io.ObjectStreamClass$MemberSignature::<init> (29 bytes)
Event: 4843.686 Thread 0x000000001625d000 nmethod 14976 0x0000000005378910 code [0x0000000005378a80, 0x0000000005378e48]
Event: 4843.686 Thread 0x000000001625d000 14977       3       java.io.ObjectStreamClass::access$2600 (5 bytes)
Event: 4843.686 Thread 0x000000001625d000 nmethod 14977 0x0000000005376d90 code [0x0000000005376f00, 0x0000000005377068]
Event: 4843.700 Thread 0x000000001625d000 14978       3       sun.reflect.AccessorGenerator::emitBoxingContantPoolEntries (1417 bytes)
Event: 4843.749 Thread 0x000000001625d000 nmethod 14978 0x00000000053a3050 code [0x00000000053a59c0, 0x00000000053bc178]

GC Heap History (10 events):
Event: 2920.360 GC heap before
{Heap before GC invocations=15 (full 3):
 PSYoungGen      total 186368K, used 172032K [0x00000000e0000000, 0x00000000eeb00000, 0x0000000100000000)
  eden space 172032K, 100% used [0x00000000e0000000,0x00000000ea800000,0x00000000ea800000)
  from space 14336K, 0% used [0x00000000ea800000,0x00000000ea800000,0x00000000eb600000)
  to   space 19456K, 0% used [0x00000000ed800000,0x00000000ed800000,0x00000000eeb00000)
 ParOldGen       total 121344K, used 36963K [0x00000000a0000000, 0x00000000a7680000, 0x00000000e0000000)
  object space 121344K, 30% used [0x00000000a0000000,0x00000000a2418d28,0x00000000a7680000)
 Metaspace       used 66287K, capacity 68752K, committed 68952K, reserved 1110016K
  class space    used 8715K, capacity 9235K, committed 9344K, reserved 1048576K
Event: 2920.408 GC heap after
Heap after GC invocations=15 (full 3):
 PSYoungGen      total 220160K, used 15201K [0x00000000e0000000, 0x00000000eed00000, 0x0000000100000000)
  eden space 200704K, 0% used [0x00000000e0000000,0x00000000e0000000,0x00000000ec400000)
  from space 19456K, 78% used [0x00000000ed800000,0x00000000ee6d8558,0x00000000eeb00000)
  to   space 20480K, 0% used [0x00000000ec400000,0x00000000ec400000,0x00000000ed800000)
 ParOldGen       total 121344K, used 36971K [0x00000000a0000000, 0x00000000a7680000, 0x00000000e0000000)
  object space 121344K, 30% used [0x00000000a0000000,0x00000000a241ad28,0x00000000a7680000)
 Metaspace       used 66287K, capacity 68752K, committed 68952K, reserved 1110016K
  class space    used 8715K, capacity 9235K, committed 9344K, reserved 1048576K
}
Event: 2927.803 GC heap before
{Heap before GC invocations=16 (full 3):
 PSYoungGen      total 220160K, used 215905K [0x00000000e0000000, 0x00000000eed00000, 0x0000000100000000)
  eden space 200704K, 100% used [0x00000000e0000000,0x00000000ec400000,0x00000000ec400000)
  from space 19456K, 78% used [0x00000000ed800000,0x00000000ee6d8558,0x00000000eeb00000)
  to   space 20480K, 0% used [0x00000000ec400000,0x00000000ec400000,0x00000000ed800000)
 ParOldGen       total 121344K, used 36971K [0x00000000a0000000, 0x00000000a7680000, 0x00000000e0000000)
  object space 121344K, 30% used [0x00000000a0000000,0x00000000a241ad28,0x00000000a7680000)
 Metaspace       used 72711K, capacity 75588K, committed 75736K, reserved 1114112K
  class space    used 9515K, capacity 10113K, committed 10240K, reserved 1048576K
Event: 2927.834 GC heap after
Heap after GC invocations=16 (full 3):
 PSYoungGen      total 221184K, used 20453K [0x00000000e0000000, 0x00000000f0f80000, 0x0000000100000000)
  eden space 200704K, 0% used [0x00000000e0000000,0x00000000e0000000,0x00000000ec400000)
  from space 20480K, 99% used [0x00000000ec400000,0x00000000ed7f9428,0x00000000ed800000)
  to   space 23552K, 0% used [0x00000000ef880000,0x00000000ef880000,0x00000000f0f80000)
 ParOldGen       total 121344K, used 38629K [0x00000000a0000000, 0x00000000a7680000, 0x00000000e0000000)
  object space 121344K, 31% used [0x00000000a0000000,0x00000000a25b9500,0x00000000a7680000)
 Metaspace       used 72711K, capacity 75588K, committed 75736K, reserved 1114112K
  class space    used 9515K, capacity 10113K, committed 10240K, reserved 1048576K
}
Event: 3862.828 GC heap before
{Heap before GC invocations=17 (full 3):
 PSYoungGen      total 221184K, used 221157K [0x00000000e0000000, 0x00000000f0f80000, 0x0000000100000000)
  eden space 200704K, 100% used [0x00000000e0000000,0x00000000ec400000,0x00000000ec400000)
  from space 20480K, 99% used [0x00000000ec400000,0x00000000ed7f9428,0x00000000ed800000)
  to   space 23552K, 0% used [0x00000000ef880000,0x00000000ef880000,0x00000000f0f80000)
 ParOldGen       total 121344K, used 38629K [0x00000000a0000000, 0x00000000a7680000, 0x00000000e0000000)
  object space 121344K, 31% used [0x00000000a0000000,0x00000000a25b9500,0x00000000a7680000)
 Metaspace       used 78437K, capacity 82058K, committed 82264K, reserved 1120256K
  class space    used 10173K, capacity 10840K, committed 10880K, reserved 1048576K
Event: 3862.876 GC heap after
Heap after GC invocations=17 (full 3):
 PSYoungGen      total 203776K, used 10075K [0x00000000e0000000, 0x00000000f0280000, 0x0000000100000000)
  eden space 193536K, 0% used [0x00000000e0000000,0x00000000e0000000,0x00000000ebd00000)
  from space 10240K, 98% used [0x00000000ef880000,0x00000000f0256c80,0x00000000f0280000)
  to   space 22528K, 0% used [0x00000000ed680000,0x00000000ed680000,0x00000000eec80000)
 ParOldGen       total 121344K, used 52142K [0x00000000a0000000, 0x00000000a7680000, 0x00000000e0000000)
  object space 121344K, 42% used [0x00000000a0000000,0x00000000a32eb840,0x00000000a7680000)
 Metaspace       used 78437K, capacity 82058K, committed 82264K, reserved 1120256K
  class space    used 10173K, capacity 10840K, committed 10880K, reserved 1048576K
}
Event: 4467.478 GC heap before
{Heap before GC invocations=18 (full 3):
 PSYoungGen      total 203776K, used 203611K [0x00000000e0000000, 0x00000000f0280000, 0x0000000100000000)
  eden space 193536K, 100% used [0x00000000e0000000,0x00000000ebd00000,0x00000000ebd00000)
  from space 10240K, 98% used [0x00000000ef880000,0x00000000f0256c80,0x00000000f0280000)
  to   space 22528K, 0% used [0x00000000ed680000,0x00000000ed680000,0x00000000eec80000)
 ParOldGen       total 121344K, used 52142K [0x00000000a0000000, 0x00000000a7680000, 0x00000000e0000000)
  object space 121344K, 42% used [0x00000000a0000000,0x00000000a32eb840,0x00000000a7680000)
 Metaspace       used 80225K, capacity 84514K, committed 84568K, reserved 1122304K
  class space    used 10345K, capacity 11105K, committed 11136K, reserved 1048576K
Event: 4467.492 GC heap after
Heap after GC invocations=18 (full 3):
 PSYoungGen      total 196608K, used 9676K [0x00000000e0000000, 0x00000000ef900000, 0x0000000100000000)
  eden space 186880K, 0% used [0x00000000e0000000,0x00000000e0000000,0x00000000eb680000)
  from space 9728K, 99% used [0x00000000ed680000,0x00000000edff3030,0x00000000ee000000)
  to   space 22016K, 0% used [0x00000000ee380000,0x00000000ee380000,0x00000000ef900000)
 ParOldGen       total 121344K, used 52150K [0x00000000a0000000, 0x00000000a7680000, 0x00000000e0000000)
  object space 121344K, 42% used [0x00000000a0000000,0x00000000a32ed840,0x00000000a7680000)
 Metaspace       used 80225K, capacity 84514K, committed 84568K, reserved 1122304K
  class space    used 10345K, capacity 11105K, committed 11136K, reserved 1048576K
}
Event: 4836.814 GC heap before
{Heap before GC invocations=19 (full 3):
 PSYoungGen      total 196608K, used 196556K [0x00000000e0000000, 0x00000000ef900000, 0x0000000100000000)
  eden space 186880K, 100% used [0x00000000e0000000,0x00000000eb680000,0x00000000eb680000)
  from space 9728K, 99% used [0x00000000ed680000,0x00000000edff3030,0x00000000ee000000)
  to   space 22016K, 0% used [0x00000000ee380000,0x00000000ee380000,0x00000000ef900000)
 ParOldGen       total 121344K, used 52150K [0x00000000a0000000, 0x00000000a7680000, 0x00000000e0000000)
  object space 121344K, 42% used [0x00000000a0000000,0x00000000a32ed840,0x00000000a7680000)
 Metaspace       used 81976K, capacity 86656K, committed 86744K, reserved 1124352K
  class space    used 10553K, capacity 11442K, committed 11520K, reserved 1048576K
Event: 4836.835 GC heap after
Heap after GC invocations=19 (full 3):
 PSYoungGen      total 193536K, used 12785K [0x00000000e0000000, 0x00000000ef000000, 0x0000000100000000)
  eden space 180736K, 0% used [0x00000000e0000000,0x00000000e0000000,0x00000000eb080000)
  from space 12800K, 99% used [0x00000000ee380000,0x00000000eeffc510,0x00000000ef000000)
  to   space 21504K, 0% used [0x00000000ec600000,0x00000000ec600000,0x00000000edb00000)
 ParOldGen       total 121344K, used 52158K [0x00000000a0000000, 0x00000000a7680000, 0x00000000e0000000)
  object space 121344K, 42% used [0x00000000a0000000,0x00000000a32ef840,0x00000000a7680000)
 Metaspace       used 81976K, capacity 86656K, committed 86744K, reserved 1124352K
  class space    used 10553K, capacity 11442K, committed 11520K, reserved 1048576K
}

Deoptimization events (10 events):
Event: 4842.773 Thread 0x000000001e35f800 Uncommon trap: reason=unstable_if action=reinterpret pc=0x00000000052e759c method=com.google.common.collect.AbstractMapBasedMultimap$WrappedCollection.refreshIfEmpty()V @ 45
Event: 4842.848 Thread 0x000000001e35f800 Uncommon trap: reason=class_check action=maybe_recompile pc=0x000000000520b3d8 method=com.sun.org.apache.xerces.internal.dom.ElementImpl.getAttributes()Lorg/w3c/dom/NamedNodeMap; @ 8
Event: 4842.851 Thread 0x000000001e35f800 Uncommon trap: reason=class_check action=maybe_recompile pc=0x000000000520b3d8 method=com.sun.org.apache.xerces.internal.dom.ElementImpl.getAttributes()Lorg/w3c/dom/NamedNodeMap; @ 8
Event: 4842.851 Thread 0x000000001e35f800 Uncommon trap: reason=class_check action=maybe_recompile pc=0x000000000520b3d8 method=com.sun.org.apache.xerces.internal.dom.ElementImpl.getAttributes()Lorg/w3c/dom/NamedNodeMap; @ 8
Event: 4842.851 Thread 0x000000001e35f800 Uncommon trap: reason=class_check action=maybe_recompile pc=0x000000000520b3d8 method=com.sun.org.apache.xerces.internal.dom.ElementImpl.getAttributes()Lorg/w3c/dom/NamedNodeMap; @ 8
Event: 4843.061 Thread 0x000000001e35f800 Uncommon trap: reason=unstable_if action=reinterpret pc=0x0000000005208278 method=com.android.utils.XmlUtils.toXmlAttributeValue(Ljava/lang/String;)Ljava/lang/String; @ 33
Event: 4843.061 Thread 0x000000001e35f800 Uncommon trap: reason=unstable_if action=reinterpret pc=0x00000000052ccc30 method=com.android.utils.XmlUtils.append(Lcom/android/utils/XmlUtils$PositionAwareStringBuilder;Lorg/w3c/dom/Node;Ljava/util/Map;Ljava/util/Set;)V @ 540
Event: 4843.061 Thread 0x000000001e35f800 Uncommon trap: reason=unstable_if action=reinterpret pc=0x00000000052ccc30 method=com.android.utils.XmlUtils.append(Lcom/android/utils/XmlUtils$PositionAwareStringBuilder;Lorg/w3c/dom/Node;Ljava/util/Map;Ljava/util/Set;)V @ 540
Event: 4843.296 Thread 0x000000001e35f800 Uncommon trap: reason=unstable_if action=reinterpret pc=0x00000000052ccc30 method=com.android.utils.XmlUtils.append(Lcom/android/utils/XmlUtils$PositionAwareStringBuilder;Lorg/w3c/dom/Node;Ljava/util/Map;Ljava/util/Set;)V @ 540
Event: 4843.633 Thread 0x000000001e35f800 Uncommon trap: reason=unstable_if action=reinterpret pc=0x000000000532cb40 method=sun.nio.cs.UTF_8$Encoder.encodeArrayLoop(Ljava/nio/CharBuffer;Ljava/nio/ByteBuffer;)Ljava/nio/charset/CoderResult; @ 175

Classes redefined (0 events):
No events

Internal exceptions (10 events):
Event: 4838.476 Thread 0x000000001f989800 Exception <a 'java/io/FileNotFoundException'> (0x00000000e4436ad8) thrown at [D:\src\AOSP-openjdk-cygwin\jdk8u\hotspot\src\share\vm\prims\jni.cpp, line 710]
Event: 4838.587 Thread 0x000000001f989800 Exception <a 'java/io/FileNotFoundException'> (0x00000000e4451be8) thrown at [D:\src\AOSP-openjdk-cygwin\jdk8u\hotspot\src\share\vm\prims\jni.cpp, line 710]
Event: 4838.617 Thread 0x000000001e35f800 Implicit null exception at 0x0000000005218ed7 to 0x000000000521921d
Event: 4843.061 Thread 0x000000001e35f800 Implicit null exception at 0x00000000052cec2a to 0x00000000052ccc11
Event: 4843.061 Thread 0x000000001e35f800 Implicit null exception at 0x00000000052cec2a to 0x00000000052ccc11
Event: 4843.296 Thread 0x000000001e35f800 Implicit null exception at 0x00000000052cec2a to 0x00000000052ccc11
Event: 4843.682 Thread 0x000000001e35f800 Exception <a 'java/lang/NoSuchMethodError': <clinit>> (0x00000000e66473c0) thrown at [D:\src\AOSP-openjdk-cygwin\jdk8u\hotspot\src\share\vm\prims\jni.cpp, line 1614]
Event: 4843.691 Thread 0x000000001e35f800 Exception <a 'java/lang/NoSuchMethodError': <clinit>> (0x00000000e6aa5aa0) thrown at [D:\src\AOSP-openjdk-cygwin\jdk8u\hotspot\src\share\vm\prims\jni.cpp, line 1614]
Event: 4843.691 Thread 0x000000001e35f800 Exception <a 'java/lang/NoSuchMethodError': <clinit>> (0x00000000e6aaa988) thrown at [D:\src\AOSP-openjdk-cygwin\jdk8u\hotspot\src\share\vm\prims\jni.cpp, line 1614]
Event: 4843.692 Thread 0x000000001e35f800 Exception <a 'java/lang/NoSuchMethodError': <clinit>> (0x00000000e6abb060) thrown at [D:\src\AOSP-openjdk-cygwin\jdk8u\hotspot\src\share\vm\prims\jni.cpp, line 1614]

Events (10 events):
Event: 4843.641 Thread 0x000000001e35f800 DEOPT PACKING pc=0x00000000053a04f3 sp=0x000000002500ae30
Event: 4843.641 Thread 0x000000001e35f800 DEOPT UNPACKING pc=0x00000000028d75d0 sp=0x000000002500ac20 mode 0
Event: 4843.641 Thread 0x000000001e35f800 DEOPT PACKING pc=0x00000000053a04f3 sp=0x000000002500ae30
Event: 4843.641 Thread 0x000000001e35f800 DEOPT UNPACKING pc=0x00000000028d75d0 sp=0x000000002500ac20 mode 0
Event: 4843.642 Thread 0x000000001e35f800 DEOPT PACKING pc=0x00000000053a04f3 sp=0x000000002500ae30
Event: 4843.642 Thread 0x000000001e35f800 DEOPT UNPACKING pc=0x00000000028d75d0 sp=0x000000002500ac20 mode 0
Event: 4843.645 loading class com/android/build/gradle/internal/res/Aapt2CompileRunnable
Event: 4843.645 loading class com/android/build/gradle/internal/res/Aapt2CompileRunnable done
Event: 4843.659 loading class com/android/build/gradle/internal/res/Aapt2CompileRunnable$Params
Event: 4843.659 loading class com/android/build/gradle/internal/res/Aapt2CompileRunnable$Params done


Dynamic libraries:
0x00007ff61f440000 - 0x00007ff61f471000 	C:\Program Files\Android\Android Studio\jre\bin\java.exe
0x00007ff8e39a0000 - 0x00007ff8e3b90000 	C:\WINDOWS\SYSTEM32\ntdll.dll
0x00007ff8a9e90000 - 0x00007ff8a9ea4000 	C:\Program Files\AVAST Software\Avast\aswhook.dll
0x00007ff8e3140000 - 0x00007ff8e31f2000 	C:\WINDOWS\System32\KERNEL32.DLL
0x00007ff8e12b0000 - 0x00007ff8e1553000 	C:\WINDOWS\System32\KERNELBASE.dll
0x00007ff8e1d70000 - 0x00007ff8e1e13000 	C:\WINDOWS\System32\ADVAPI32.dll
0x00007ff8e1cd0000 - 0x00007ff8e1d6e000 	C:\WINDOWS\System32\msvcrt.dll
0x00007ff8e38b0000 - 0x00007ff8e3947000 	C:\WINDOWS\System32\sechost.dll
0x00007ff8e2f70000 - 0x00007ff8e3090000 	C:\WINDOWS\System32\RPCRT4.dll
0x00007ff8e2dd0000 - 0x00007ff8e2f64000 	C:\WINDOWS\System32\USER32.dll
0x00007ff8e1560000 - 0x00007ff8e1581000 	C:\WINDOWS\System32\win32u.dll
0x00007ff8e1b50000 - 0x00007ff8e1b76000 	C:\WINDOWS\System32\GDI32.dll
0x00007ff8e16f0000 - 0x00007ff8e1884000 	C:\WINDOWS\System32\gdi32full.dll
0x00007ff8e0a90000 - 0x00007ff8e0b2e000 	C:\WINDOWS\System32\msvcp_win.dll
0x00007ff8e1890000 - 0x00007ff8e198a000 	C:\WINDOWS\System32\ucrtbase.dll
0x00007ff8cdee0000 - 0x00007ff8ce165000 	C:\WINDOWS\WinSxS\amd64_microsoft.windows.common-controls_6595b64144ccf1df_6.0.18362.476_none_e6c4b11b130f2595\COMCTL32.dll
0x00007ff8e34c0000 - 0x00007ff8e37f6000 	C:\WINDOWS\System32\combase.dll
0x00007ff8e1640000 - 0x00007ff8e16c0000 	C:\WINDOWS\System32\bcryptPrimitives.dll
0x00007ff8e3490000 - 0x00007ff8e34be000 	C:\WINDOWS\System32\IMM32.DLL
0x0000000057c80000 - 0x0000000057d52000 	C:\Program Files\Android\Android Studio\jre\jre\bin\msvcr100.dll
0x0000000057d60000 - 0x00000000585a6000 	C:\Program Files\Android\Android Studio\jre\jre\bin\server\jvm.dll
0x00007ff8e1b80000 - 0x00007ff8e1b88000 	C:\WINDOWS\System32\PSAPI.DLL
0x00007ff8d14b0000 - 0x00007ff8d14b9000 	C:\WINDOWS\SYSTEM32\WSOCK32.dll
0x00007ff8e1b90000 - 0x00007ff8e1bff000 	C:\WINDOWS\System32\WS2_32.dll
0x00007ff8dd750000 - 0x00007ff8dd774000 	C:\WINDOWS\SYSTEM32\WINMM.dll
0x00007ff8d4d80000 - 0x00007ff8d4d8a000 	C:\WINDOWS\SYSTEM32\VERSION.dll
0x00007ff8dd640000 - 0x00007ff8dd66d000 	C:\WINDOWS\SYSTEM32\WINMMBASE.dll
0x00007ff8e1990000 - 0x00007ff8e19da000 	C:\WINDOWS\System32\cfgmgr32.dll
0x00007ff8d9da0000 - 0x00007ff8d9daf000 	C:\Program Files\Android\Android Studio\jre\jre\bin\verify.dll
0x00007ff8d3550000 - 0x00007ff8d3579000 	C:\Program Files\Android\Android Studio\jre\jre\bin\java.dll
0x00007ff8d6e30000 - 0x00007ff8d6e46000 	C:\Program Files\Android\Android Studio\jre\jre\bin\zip.dll
0x00007ff8e1f60000 - 0x00007ff8e2645000 	C:\WINDOWS\System32\SHELL32.dll
0x00007ff8e3800000 - 0x00007ff8e38a9000 	C:\WINDOWS\System32\shcore.dll
0x00007ff8e0b30000 - 0x00007ff8e12ae000 	C:\WINDOWS\System32\windows.storage.dll
0x00007ff8e09d0000 - 0x00007ff8e09ef000 	C:\WINDOWS\System32\profapi.dll
0x00007ff8e0960000 - 0x00007ff8e09aa000 	C:\WINDOWS\System32\powrprof.dll
0x00007ff8e0950000 - 0x00007ff8e0960000 	C:\WINDOWS\System32\UMPDC.dll
0x00007ff8e3360000 - 0x00007ff8e33b2000 	C:\WINDOWS\System32\shlwapi.dll
0x00007ff8e09b0000 - 0x00007ff8e09c1000 	C:\WINDOWS\System32\kernel.appcore.dll
0x00007ff8e0a70000 - 0x00007ff8e0a87000 	C:\WINDOWS\System32\cryptsp.dll
0x00007ff8d3400000 - 0x00007ff8d341a000 	C:\Program Files\Android\Android Studio\jre\jre\bin\net.dll
0x00007ff8e0160000 - 0x00007ff8e01c7000 	C:\WINDOWS\system32\mswsock.dll
0x00007ff8d3230000 - 0x00007ff8d3241000 	C:\Program Files\Android\Android Studio\jre\jre\bin\nio.dll
0x00007ff8d36c0000 - 0x00007ff8d36e6000 	C:\Users\morte\.gradle\native\29\windows-amd64\native-platform.dll
0x00007ff8d9d50000 - 0x00007ff8d9d5d000 	C:\Program Files\Android\Android Studio\jre\jre\bin\management.dll
0x00007ff8dfcd0000 - 0x00007ff8dfd03000 	C:\WINDOWS\system32\rsaenh.dll
0x00007ff8e16c0000 - 0x00007ff8e16e6000 	C:\WINDOWS\System32\bcrypt.dll
0x00007ff8e0870000 - 0x00007ff8e0895000 	C:\WINDOWS\SYSTEM32\USERENV.dll
0x00007ff8e0330000 - 0x00007ff8e033c000 	C:\WINDOWS\SYSTEM32\CRYPTBASE.dll
0x00007ff8dfe70000 - 0x00007ff8dfeaa000 	C:\WINDOWS\SYSTEM32\IPHLPAPI.DLL
0x00007ff8e3950000 - 0x00007ff8e3958000 	C:\WINDOWS\System32\NSI.dll
0x00007ff8d4830000 - 0x00007ff8d4846000 	C:\WINDOWS\SYSTEM32\dhcpcsvc6.DLL
0x00007ff8d4920000 - 0x00007ff8d493c000 	C:\WINDOWS\SYSTEM32\dhcpcsvc.DLL
0x00007ff8dfeb0000 - 0x00007ff8dff7a000 	C:\WINDOWS\SYSTEM32\DNSAPI.dll
0x00007ff8c52e0000 - 0x00007ff8c5304000 	C:\Program Files\Android\Android Studio\jre\jre\bin\sunec.dll
0x00007ff8d3190000 - 0x00007ff8d319a000 	C:\Windows\System32\rasadhlp.dll
0x00007ff8d4210000 - 0x00007ff8d4287000 	C:\WINDOWS\System32\fwpuclnt.dll
0x00007ff8d6e80000 - 0x00007ff8d6e8b000 	C:\Program Files\Android\Android Studio\jre\jre\bin\sunmscapi.dll
0x00007ff8e19e0000 - 0x00007ff8e1b29000 	C:\WINDOWS\System32\CRYPT32.dll
0x00007ff8e09f0000 - 0x00007ff8e0a02000 	C:\WINDOWS\System32\MSASN1.dll
0x00007ff8a2d70000 - 0x00007ff8a2f0c000 	C:\Program Files\Android\Android Studio\jre\jre\bin\awt.dll
0x00007ff8e1c00000 - 0x00007ff8e1cc4000 	C:\WINDOWS\System32\OLEAUT32.dll
0x00007ff8de630000 - 0x00007ff8de65d000 	C:\WINDOWS\SYSTEM32\dwmapi.dll
0x00007ff8dc7e0000 - 0x00007ff8dcda0000 	C:\WINDOWS\SYSTEM32\d2d1.dll
0x00007ff8ddd30000 - 0x00007ff8dddbf000 	C:\WINDOWS\SYSTEM32\apphelp.dll
0x00007ff8de1d0000 - 0x00007ff8de269000 	C:\WINDOWS\system32\uxtheme.dll

VM Arguments:
jvm_args: -Xmx1536m -Dfile.encoding=windows-1252 -Duser.country=DK -Duser.language=da -Duser.variant 
java_command: org.gradle.launcher.daemon.bootstrap.GradleDaemon 5.4.1
java_class_path (initial): C:\Users\morte\.gradle\wrapper\dists\gradle-5.4.1-all\3221gyojl5jsh0helicew7rwx\gradle-5.4.1\lib\gradle-launcher-5.4.1.jar
Launcher Type: SUN_STANDARD

Environment Variables:
PATH=C:\Program Files (x86)\Intel\iCLS Client\;C:\Program Files\Intel\iCLS Client\;C:\WINDOWS\system32;C:\WINDOWS;C:\WINDOWS\System32\Wbem;C:\WINDOWS\System32\WindowsPowerShell\v1.0\;C:\Program Files (x86)\Intel\Intel(R) Management Engine Components\DAL;C:\Program Files\Intel\Intel(R) Management Engine Components\DAL;C:\Program Files (x86)\Intel\Intel(R) Management Engine Components\IPT;C:\Program Files\Intel\Intel(R) Management Engine Components\IPT;C:\WINDOWS\System32\OpenSSH\;C:\Program Files\nodejs\;C:\Program Files\Git\cmd;C:\Program Files\dotnet\;C:\Program Files\Microsoft SQL Server\130\Tools\Binn\;C:\Program Files\Microsoft SQL Server\Client SDK\ODBC\170\Tools\Binn\;C:\Users\morte\AppData\Local\Microsoft\WindowsApps;C:\Users\morte\AppData\Roaming\npm;C:\Users\morte\AppData\Local\Programs\Microsoft VS Code\bin;C:\Program Files\MongoDB\Server\4.2\bin;
USERNAME=morte
OS=Windows_NT
PROCESSOR_IDENTIFIER=Intel64 Family 6 Model 78 Stepping 3, GenuineIntel



---------------  S Y S T E M  ---------------

OS: Windows 10.0 , 64 bit Build 18362 (10.0.18362.329)

CPU:total 4 (initial active 4) (2 cores per cpu, 2 threads per core) family 6 model 78 stepping 3, cmov, cx8, fxsr, mmx, sse, sse2, sse3, ssse3, sse4.1, sse4.2, popcnt, avx, avx2, aes, clmul, erms, 3dnowpref, lzcnt, ht, tsc, tscinvbit, bmi1, bmi2, adx

Memory: 4k page, physical 8250020k(315400k free), swap 33415844k(0k free)

vm_info: OpenJDK 64-Bit Server VM (25.202-b03) for windows-amd64 JRE (1.8.0_202-release-1483-b03), built by "builder" with MS VC++ 10.0 (VS2010)

time: Fri Dec 06 10:58:57 2019
timezone: Rom, normaltid
elapsed time: 4843 seconds (0d 1h 20m 43s)

